<?xml version="1.0" encoding="UTF-8"?>
<coverage generated="1662536018">
  <project timestamp="1662536018">
    <file name="/home/vagrant/code/numberinchinese/src/Convert.php">
      <class name="Coolert\NumberInChinese\Convert" namespace="global">
        <metrics complexity="58" methods="8" coveredmethods="8" conditionals="0" coveredconditionals="0" statements="107" coveredstatements="107" elements="115" coveredelements="115"/>
      </class>
      <line num="38" type="method" name="__construct" visibility="public" complexity="2" crap="2" count="15"/>
      <line num="40" type="stmt" count="15"/>
      <line num="41" type="stmt" count="15"/>
      <line num="42" type="stmt" count="15"/>
      <line num="44" type="stmt" count="15"/>
      <line num="54" type="method" name="extensionException" visibility="public" complexity="3" crap="3" count="15"/>
      <line num="56" type="stmt" count="15"/>
      <line num="57" type="stmt" count="15"/>
      <line num="58" type="stmt" count="2"/>
      <line num="76" type="method" name="convertNumbers" visibility="public" complexity="3" crap="3" count="2"/>
      <line num="78" type="stmt" count="2"/>
      <line num="79" type="stmt" count="2"/>
      <line num="80" type="stmt" count="2"/>
      <line num="81" type="stmt" count="1"/>
      <line num="82" type="stmt" count="1"/>
      <line num="83" type="stmt" count="1"/>
      <line num="85" type="stmt" count="1"/>
      <line num="86" type="stmt" count="2"/>
      <line num="87" type="stmt" count="1"/>
      <line num="89" type="stmt" count="1"/>
      <line num="104" type="method" name="mbSubStrReplace" visibility="public" complexity="9" crap="9" count="2"/>
      <line num="106" type="stmt" count="2"/>
      <line num="107" type="stmt" count="2"/>
      <line num="108" type="stmt" count="1"/>
      <line num="109" type="stmt" count="2"/>
      <line num="110" type="stmt" count="1"/>
      <line num="112" type="stmt" count="2"/>
      <line num="113" type="stmt" count="1"/>
      <line num="114" type="stmt" count="2"/>
      <line num="115" type="stmt" count="1"/>
      <line num="117" type="stmt" count="2"/>
      <line num="118" type="stmt" count="1"/>
      <line num="120" type="stmt" count="2"/>
      <line num="121" type="stmt" count="2"/>
      <line num="124" type="stmt" count="1"/>
      <line num="135" type="method" name="selectDictionaries" visibility="public" complexity="8" crap="8" count="5"/>
      <line num="138" type="stmt" count="5"/>
      <line num="139" type="stmt" count="4"/>
      <line num="140" type="stmt" count="4"/>
      <line num="141" type="stmt" count="2"/>
      <line num="142" type="stmt" count="1"/>
      <line num="143" type="stmt" count="1"/>
      <line num="144" type="stmt" count="2"/>
      <line num="145" type="stmt" count="1"/>
      <line num="146" type="stmt" count="1"/>
      <line num="148" type="stmt" count="1"/>
      <line num="150" type="stmt" count="4"/>
      <line num="152" type="stmt" count="4"/>
      <line num="153" type="stmt" count="3"/>
      <line num="154" type="stmt" count="3"/>
      <line num="155" type="stmt" count="2"/>
      <line num="156" type="stmt" count="1"/>
      <line num="157" type="stmt" count="1"/>
      <line num="159" type="stmt" count="1"/>
      <line num="161" type="stmt" count="3"/>
      <line num="173" type="method" name="formatNumber" visibility="public" complexity="7" crap="7" count="4"/>
      <line num="175" type="stmt" count="4"/>
      <line num="176" type="stmt" count="1"/>
      <line num="178" type="stmt" count="3"/>
      <line num="179" type="stmt" count="3"/>
      <line num="180" type="stmt" count="3"/>
      <line num="182" type="stmt" count="3"/>
      <line num="183" type="stmt" count="3"/>
      <line num="184" type="stmt" count="2"/>
      <line num="185" type="stmt" count="1"/>
      <line num="187" type="stmt" count="2"/>
      <line num="189" type="stmt" count="3"/>
      <line num="190" type="stmt" count="1"/>
      <line num="192" type="stmt" count="2"/>
      <line num="193" type="stmt" count="2"/>
      <line num="195" type="stmt" count="2"/>
      <line num="198" type="stmt" count="2"/>
      <line num="210" type="method" name="convertInteger" visibility="public" complexity="23" crap="23" count="4"/>
      <line num="212" type="stmt" count="4"/>
      <line num="213" type="stmt" count="1"/>
      <line num="215" type="stmt" count="3"/>
      <line num="216" type="stmt" count="1"/>
      <line num="218" type="stmt" count="2"/>
      <line num="219" type="stmt" count="2"/>
      <line num="220" type="stmt" count="2"/>
      <line num="221" type="stmt" count="2"/>
      <line num="222" type="stmt" count="2"/>
      <line num="223" type="stmt" count="2"/>
      <line num="224" type="stmt" count="2"/>
      <line num="225" type="stmt" count="2"/>
      <line num="227" type="stmt" count="2"/>
      <line num="228" type="stmt" count="2"/>
      <line num="229" type="stmt" count="1"/>
      <line num="231" type="stmt" count="2"/>
      <line num="234" type="stmt" count="2"/>
      <line num="235" type="stmt" count="2"/>
      <line num="236" type="stmt" count="2"/>
      <line num="237" type="stmt" count="2"/>
      <line num="238" type="stmt" count="1"/>
      <line num="239" type="stmt" count="1"/>
      <line num="240" type="stmt" count="1"/>
      <line num="243" type="stmt" count="2"/>
      <line num="245" type="stmt" count="2"/>
      <line num="246" type="stmt" count="1"/>
      <line num="247" type="stmt" count="2"/>
      <line num="248" type="stmt" count="1"/>
      <line num="249" type="stmt" count="1"/>
      <line num="252" type="stmt" count="2"/>
      <line num="253" type="stmt" count="1"/>
      <line num="255" type="stmt" count="2"/>
      <line num="260" type="stmt" count="2"/>
      <line num="263" type="stmt" count="2"/>
      <line num="275" type="method" name="convertDecimal" visibility="public" complexity="3" crap="3" count="3"/>
      <line num="277" type="stmt" count="3"/>
      <line num="278" type="stmt" count="1"/>
      <line num="280" type="stmt" count="2"/>
      <line num="281" type="stmt" count="2"/>
      <line num="282" type="stmt" count="2"/>
      <line num="283" type="stmt" count="2"/>
      <line num="286" type="stmt" count="2"/>
      <metrics loc="289" ncloc="209" classes="1" methods="8" coveredmethods="8" conditionals="0" coveredconditionals="0" statements="107" coveredstatements="107" elements="115" coveredelements="115"/>
    </file>
    <file name="/home/vagrant/code/numberinchinese/src/Exceptions/DictionarySetException.php">
      <class name="Coolert\NumberInChinese\Exceptions\DictionarySetException" namespace="global">
        <metrics complexity="0" methods="0" coveredmethods="0" conditionals="0" coveredconditionals="0" statements="0" coveredstatements="0" elements="0" coveredelements="0"/>
      </class>
      <metrics loc="17" ncloc="9" classes="0" methods="0" coveredmethods="0" conditionals="0" coveredconditionals="0" statements="0" coveredstatements="0" elements="0" coveredelements="0"/>
    </file>
    <file name="/home/vagrant/code/numberinchinese/src/Exceptions/Excepiton.php">
      <class name="Coolert\NumberInChinese\Exceptions\Excepiton" namespace="global">
        <metrics complexity="0" methods="0" coveredmethods="0" conditionals="0" coveredconditionals="0" statements="0" coveredstatements="0" elements="0" coveredelements="0"/>
      </class>
      <metrics loc="17" ncloc="9" classes="0" methods="0" coveredmethods="0" conditionals="0" coveredconditionals="0" statements="0" coveredstatements="0" elements="0" coveredelements="0"/>
    </file>
    <file name="/home/vagrant/code/numberinchinese/src/Exceptions/ExtensionException.php">
      <class name="Coolert\NumberInChinese\Exceptions\ExtensionException" namespace="global">
        <metrics complexity="0" methods="0" coveredmethods="0" conditionals="0" coveredconditionals="0" statements="0" coveredstatements="0" elements="0" coveredelements="0"/>
      </class>
      <metrics loc="17" ncloc="9" classes="0" methods="0" coveredmethods="0" conditionals="0" coveredconditionals="0" statements="0" coveredstatements="0" elements="0" coveredelements="0"/>
    </file>
    <file name="/home/vagrant/code/numberinchinese/src/Exceptions/InvalidArgumentException.php">
      <class name="Coolert\NumberInChinese\Exceptions\InvalidArgumentException" namespace="global">
        <metrics complexity="0" methods="0" coveredmethods="0" conditionals="0" coveredconditionals="0" statements="0" coveredstatements="0" elements="0" coveredelements="0"/>
      </class>
      <metrics loc="17" ncloc="9" classes="0" methods="0" coveredmethods="0" conditionals="0" coveredconditionals="0" statements="0" coveredstatements="0" elements="0" coveredelements="0"/>
    </file>
    <file name="/home/vagrant/code/numberinchinese/src/Exceptions/TypeSetException.php">
      <class name="Coolert\NumberInChinese\Exceptions\TypeSetException" namespace="global">
        <metrics complexity="0" methods="0" coveredmethods="0" conditionals="0" coveredconditionals="0" statements="0" coveredstatements="0" elements="0" coveredelements="0"/>
      </class>
      <metrics loc="17" ncloc="9" classes="0" methods="0" coveredmethods="0" conditionals="0" coveredconditionals="0" statements="0" coveredstatements="0" elements="0" coveredelements="0"/>
    </file>
    <metrics files="6" loc="374" ncloc="254" classes="1" methods="8" coveredmethods="8" conditionals="0" coveredconditionals="0" statements="107" coveredstatements="107" elements="115" coveredelements="115"/>
  </project>
</coverage>
